-------------------------------------------------------------------------------
Test set: runner.TestRunner
-------------------------------------------------------------------------------
Tests run: 4, Failures: 0, Errors: 2, Skipped: 0, Time elapsed: 20.89 s <<< FAILURE! -- in runner.TestRunner
fearture to test google test functionality.Validate google search is working -- Time elapsed: 1.995 s <<< ERROR!
io.cucumber.junit.UndefinedStepException: 
The step 'user is on google search page' and 3 other step(s) are undefined.
You can implement these steps using the snippet(s) below:

@Given("user is on google search page")
public void user_is_on_google_search_page() {
    // Write code here that turns the phrase above into concrete actions
    throw new io.cucumber.java.PendingException();
}
@When("user enter a test in search box")
public void user_enter_a_test_in_search_box() {
    // Write code here that turns the phrase above into concrete actions
    throw new io.cucumber.java.PendingException();
}
@When("click on enter")
public void click_on_enter() {
    // Write code here that turns the phrase above into concrete actions
    throw new io.cucumber.java.PendingException();
}
@Then("user navigated to serached results")
public void user_navigated_to_serached_results() {
    // Write code here that turns the phrase above into concrete actions
    throw new io.cucumber.java.PendingException();
}


feature to test login functionality.Check login is successfil wiith valid creadentials -- Time elapsed: 0.017 s <<< ERROR!
java.lang.NullPointerException: Cannot invoke "org.openqa.selenium.WebDriver.navigate()" because "this.driver" is null
	at steps.loginDemoSteps.user_is_on_login_page(loginDemoSteps.java:36)
	at âœ½.user is on login page(file:///C:/Users/user/eclipse-workspace/CucumberSeleium/src/test/resources/feature/login.feature:4)

